Nov 30 03:59:15.889 INFO: manager: 2.0.1
Nov 30 03:59:15.890 INFO: manager: Copyright (C) 2003-2022, Noriaki Ando and OpenRTM development team,
Nov 30 03:59:15.890 INFO: manager:   Intelligent Systems Research Institute, AIST,
Nov 30 03:59:15.890 INFO: manager: Copyright (C) 2022, Noriaki Ando and OpenRTM development team,
Nov 30 03:59:15.890 INFO: manager:   Industrial Cyber-Physical Research Center, AIST,
Nov 30 03:59:15.890 INFO: manager:   All right reserved.
Nov 30 03:59:15.890 INFO: manager: Manager starting.
Nov 30 03:59:15.890 INFO: manager: Starting local logging.
Nov 30 03:59:15.895 WARNING: NamingOnCorba: No endpoint for the CORBA naming service (localhost) was found.
Nov 30 03:59:15.895 INFO: NamingManager: NameServer connection succeeded: corba/localhost
Nov 30 03:59:15.897 INFO: ManagerServant: Named manager reference (INS) was successfully created.
Nov 30 03:59:15.899 WARNING: ManagerServant: Master manager not found
Nov 30 03:59:15.900 INFO: LocalServiceAdmin: All the local services are enabled.
Nov 30 03:59:15.916 INFO: manager: Component type conf file: Navi_cui.conf loaded.
Nov 30 03:59:15.916 INFO: ec_base: setRate(1000000.000000) done
Nov 30 03:59:15.916 INFO: ec_base: setRate(1000.000000) done
Nov 30 03:59:15.916 INFO: Navi_cui0: 1 execution context was created.
Nov 30 03:59:15.917 INFO: Navi_cui0: Initial active configuration set is default.
Nov 30 03:59:25.946 INFO: ManagerServant: Master manager not found
Nov 30 03:59:35.965 INFO: ManagerServant: Master manager not found
Nov 30 03:59:45.983 INFO: ManagerServant: Master manager not found
Nov 30 03:59:56.002 INFO: ManagerServant: Master manager not found
Nov 30 04:00:06.020 INFO: ManagerServant: Master manager not found
Nov 30 04:00:16.042 INFO: ManagerServant: Master manager not found
Nov 30 04:00:26.055 INFO: ManagerServant: Master manager not found
Nov 30 04:00:36.063 INFO: ManagerServant: Master manager not found
Nov 30 04:00:46.073 INFO: ManagerServant: Master manager not found
Nov 30 04:00:56.087 INFO: ManagerServant: Master manager not found
Nov 30 04:01:05.696 WARNING: SdoServiceAdmin: No available SDO service in the factory: 
Nov 30 04:01:06.102 INFO: ManagerServant: Master manager not found
Nov 30 04:01:16.119 INFO: ManagerServant: Master manager not found
Nov 30 04:01:26.133 INFO: ManagerServant: Master manager not found
Nov 30 04:01:36.151 INFO: ManagerServant: Master manager not found
Nov 30 04:01:46.172 INFO: ManagerServant: Master manager not found
Nov 30 04:01:56.187 INFO: ManagerServant: Master manager not found
Nov 30 04:02:06.200 INFO: ManagerServant: Master manager not found
Nov 30 04:02:16.212 INFO: ManagerServant: Master manager not found
Nov 30 04:02:26.224 INFO: ManagerServant: Master manager not found
Nov 30 04:02:36.237 INFO: ManagerServant: Master manager not found
Nov 30 04:02:46.250 INFO: ManagerServant: Master manager not found
Nov 30 04:02:56.263 INFO: ManagerServant: Master manager not found
Nov 30 04:03:06.276 INFO: ManagerServant: Master manager not found
Nov 30 04:03:16.292 INFO: ManagerServant: Master manager not found
Nov 30 04:03:26.305 INFO: ManagerServant: Master manager not found
Nov 30 04:03:36.318 INFO: ManagerServant: Master manager not found
Nov 30 04:03:46.330 INFO: ManagerServant: Master manager not found
Nov 30 04:03:56.341 INFO: ManagerServant: Master manager not found
Nov 30 04:04:06.354 INFO: ManagerServant: Master manager not found
Nov 30 04:04:16.366 INFO: ManagerServant: Master manager not found
Nov 30 04:04:26.377 INFO: ManagerServant: Master manager not found
Nov 30 04:04:36.391 INFO: ManagerServant: Master manager not found
Nov 30 04:04:46.404 INFO: ManagerServant: Master manager not found
Nov 30 04:04:56.414 INFO: ManagerServant: Master manager not found
Nov 30 04:05:06.426 INFO: ManagerServant: Master manager not found
